<?xml version="1.0" encoding="UTF-8"?>
<coverage generated="1527782282986" clover="3.2.0">
  <project timestamp="1527782282986" name="All files">
    <metrics statements="88" coveredstatements="74" conditionals="37" coveredconditionals="30" methods="27" coveredmethods="22" elements="152" coveredelements="126" complexity="0" loc="88" ncloc="88" packages="10" files="13" classes="13">
      <package name="src">
        <metrics statements="8" coveredstatements="2" conditionals="4" coveredconditionals="0" methods="1" coveredmethods="0"/>
        <file name="API_KEY.js" path="/Users/andrew/Projects/Turing/front-end/mod2/projects/weatherly/src/API_KEY.js">
          <metrics statements="1" coveredstatements="1" conditionals="0" coveredconditionals="0" methods="0" coveredmethods="0"/>
          <line num="1" count="1" type="stmt"/>
        </file>
        <file name="index.js" path="/Users/andrew/Projects/Turing/front-end/mod2/projects/weatherly/src/index.js">
          <metrics statements="6" coveredstatements="0" conditionals="4" coveredconditionals="0" methods="1" coveredmethods="0"/>
          <line num="1" count="0" type="stmt"/>
          <line num="2" count="0" type="stmt"/>
          <line num="3" count="0" type="stmt"/>
          <line num="4" count="0" type="stmt"/>
          <line num="5" count="0" type="cond" truecount="0" falsecount="4"/>
          <line num="7" count="0" type="stmt"/>
        </file>
        <file name="setupTests.js" path="/Users/andrew/Projects/Turing/front-end/mod2/projects/weatherly/src/setupTests.js">
          <metrics statements="1" coveredstatements="1" conditionals="0" coveredconditionals="0" methods="0" coveredmethods="0"/>
          <line num="4" count="8" type="stmt"/>
        </file>
      </package>
      <package name="src.components.App">
        <metrics statements="17" coveredstatements="12" conditionals="6" coveredconditionals="4" methods="7" coveredmethods="5"/>
        <file name="App.js" path="/Users/andrew/Projects/Turing/front-end/mod2/projects/weatherly/src/components/App/App.js">
          <metrics statements="17" coveredstatements="12" conditionals="6" coveredconditionals="4" methods="7" coveredmethods="5"/>
          <line num="12" count="12" type="stmt"/>
          <line num="13" count="12" type="stmt"/>
          <line num="30" count="12" type="stmt"/>
          <line num="34" count="0" type="stmt"/>
          <line num="36" count="0" type="cond" truecount="0" falsecount="2"/>
          <line num="37" count="0" type="stmt"/>
          <line num="39" count="0" type="stmt"/>
          <line num="44" count="1" type="stmt"/>
          <line num="46" count="1" type="stmt"/>
          <line num="48" count="1" type="stmt"/>
          <line num="49" count="1" type="stmt"/>
          <line num="51" count="1" type="stmt"/>
          <line num="60" count="0" type="stmt"/>
          <line num="80" count="19" type="stmt"/>
          <line num="82" count="19" type="cond" truecount="4" falsecount="0"/>
          <line num="83" count="13" type="stmt"/>
          <line num="90" count="6" type="stmt"/>
        </file>
      </package>
      <package name="src.components.CurrentWeather">
        <metrics statements="4" coveredstatements="4" conditionals="6" coveredconditionals="6" methods="1" coveredmethods="1"/>
        <file name="CurrentWeather.js" path="/Users/andrew/Projects/Turing/front-end/mod2/projects/weatherly/src/components/CurrentWeather/CurrentWeather.js">
          <metrics statements="4" coveredstatements="4" conditionals="6" coveredconditionals="6" methods="1" coveredmethods="1"/>
          <line num="5" count="2" type="stmt"/>
          <line num="6" count="3" type="stmt"/>
          <line num="8" count="3" type="stmt"/>
          <line num="64" count="2" type="stmt"/>
        </file>
      </package>
      <package name="src.components.ForecastCard">
        <metrics statements="9" coveredstatements="8" conditionals="14" coveredconditionals="13" methods="1" coveredmethods="1"/>
        <file name="ForecastCard.js" path="/Users/andrew/Projects/Turing/front-end/mod2/projects/weatherly/src/components/ForecastCard/ForecastCard.js">
          <metrics statements="9" coveredstatements="8" conditionals="14" coveredconditionals="13" methods="1" coveredmethods="1"/>
          <line num="5" count="4" type="stmt"/>
          <line num="6" count="10" type="stmt"/>
          <line num="7" count="10" type="stmt"/>
          <line num="9" count="10" type="cond" truecount="1" falsecount="1"/>
          <line num="10" count="0" type="stmt"/>
          <line num="11" count="10" type="cond" truecount="2" falsecount="0"/>
          <line num="12" count="1" type="stmt"/>
          <line num="15" count="10" type="stmt"/>
          <line num="63" count="4" type="stmt"/>
        </file>
      </package>
      <package name="src.components.Search">
        <metrics statements="23" coveredstatements="21" conditionals="2" coveredconditionals="2" methods="7" coveredmethods="5"/>
        <file name="Search.js" path="/Users/andrew/Projects/Turing/front-end/mod2/projects/weatherly/src/components/Search/Search.js">
          <metrics statements="23" coveredstatements="21" conditionals="2" coveredconditionals="2" methods="7" coveredmethods="5"/>
          <line num="9" count="12" type="stmt"/>
          <line num="10" count="12" type="stmt"/>
          <line num="15" count="12" type="stmt"/>
          <line num="16" count="12" type="stmt"/>
          <line num="17" count="12" type="stmt"/>
          <line num="18" count="12" type="stmt"/>
          <line num="22" count="3" type="stmt"/>
          <line num="24" count="3" type="stmt"/>
          <line num="30" count="2" type="stmt"/>
          <line num="31" count="2" type="stmt"/>
          <line num="32" count="2" type="stmt"/>
          <line num="33" count="2" type="stmt"/>
          <line num="35" count="2" type="stmt"/>
          <line num="36" count="2" type="stmt"/>
          <line num="38" count="2" type="stmt"/>
          <line num="42" count="2" type="stmt"/>
          <line num="46" count="20" type="stmt"/>
          <line num="47" count="20" type="stmt"/>
          <line num="49" count="20" type="stmt"/>
          <line num="59" count="0" type="stmt"/>
          <line num="63" count="0" type="stmt"/>
          <line num="72" count="20000" type="stmt"/>
          <line num="92" count="3" type="stmt"/>
        </file>
      </package>
      <package name="src.components.SevenHour">
        <metrics statements="5" coveredstatements="5" conditionals="0" coveredconditionals="0" methods="2" coveredmethods="2"/>
        <file name="SevenHour.js" path="/Users/andrew/Projects/Turing/front-end/mod2/projects/weatherly/src/components/SevenHour/SevenHour.js">
          <metrics statements="5" coveredstatements="5" conditionals="0" coveredconditionals="0" methods="2" coveredmethods="2"/>
          <line num="5" count="2" type="stmt"/>
          <line num="6" count="2" type="stmt"/>
          <line num="8" count="2" type="stmt"/>
          <line num="19" count="4" type="stmt"/>
          <line num="29" count="2" type="stmt"/>
        </file>
      </package>
      <package name="src.components.TenDayForecast">
        <metrics statements="5" coveredstatements="5" conditionals="0" coveredconditionals="0" methods="2" coveredmethods="2"/>
        <file name="TenDayForecast.js" path="/Users/andrew/Projects/Turing/front-end/mod2/projects/weatherly/src/components/TenDayForecast/TenDayForecast.js">
          <metrics statements="5" coveredstatements="5" conditionals="0" coveredconditionals="0" methods="2" coveredmethods="2"/>
          <line num="6" count="2" type="stmt"/>
          <line num="7" count="2" type="stmt"/>
          <line num="9" count="2" type="stmt"/>
          <line num="20" count="4" type="stmt"/>
          <line num="30" count="2" type="stmt"/>
        </file>
      </package>
      <package name="src.components.Welcome">
        <metrics statements="4" coveredstatements="4" conditionals="5" coveredconditionals="5" methods="1" coveredmethods="1"/>
        <file name="Welcome.js" path="/Users/andrew/Projects/Turing/front-end/mod2/projects/weatherly/src/components/Welcome/Welcome.js">
          <metrics statements="4" coveredstatements="4" conditionals="5" coveredconditionals="5" methods="1" coveredmethods="1"/>
          <line num="8" count="2" type="stmt"/>
          <line num="9" count="5" type="stmt"/>
          <line num="11" count="5" type="stmt"/>
          <line num="48" count="2" type="stmt"/>
        </file>
      </package>
      <package name="src.data-helpers">
        <metrics statements="12" coveredstatements="12" conditionals="0" coveredconditionals="0" methods="5" coveredmethods="5"/>
        <file name="cities.js" path="/Users/andrew/Projects/Turing/front-end/mod2/projects/weatherly/src/data-helpers/cities.js">
          <metrics statements="1" coveredstatements="1" conditionals="0" coveredconditionals="0" methods="0" coveredmethods="0"/>
          <line num="1" count="3" type="stmt"/>
        </file>
        <file name="data-helpers.js" path="/Users/andrew/Projects/Turing/front-end/mod2/projects/weatherly/src/data-helpers/data-helpers.js">
          <metrics statements="11" coveredstatements="11" conditionals="0" coveredconditionals="0" methods="5" coveredmethods="5"/>
          <line num="1" count="2" type="stmt"/>
          <line num="2" count="2" type="stmt"/>
          <line num="14" count="2" type="stmt"/>
          <line num="18" count="2" type="stmt"/>
          <line num="19" count="2" type="stmt"/>
          <line num="21" count="2" type="stmt"/>
          <line num="22" count="20" type="stmt"/>
          <line num="32" count="2" type="stmt"/>
          <line num="33" count="2" type="stmt"/>
          <line num="35" count="2" type="stmt"/>
          <line num="36" count="14" type="stmt"/>
        </file>
      </package>
      <package name="src.mock-data">
        <metrics statements="1" coveredstatements="1" conditionals="0" coveredconditionals="0" methods="0" coveredmethods="0"/>
        <file name="mock-data.js" path="/Users/andrew/Projects/Turing/front-end/mod2/projects/weatherly/src/mock-data/mock-data.js">
          <metrics statements="1" coveredstatements="1" conditionals="0" coveredconditionals="0" methods="0" coveredmethods="0"/>
          <line num="1" count="1" type="stmt"/>
        </file>
      </package>
    </metrics>
  </project>
</coverage>
