{"/Users/andrew/Projects/Turing/front-end/mod2/projects/weatherly/src/API_KEY.js": {"path":"/Users/andrew/Projects/Turing/front-end/mod2/projects/weatherly/src/API_KEY.js","statementMap":{"0":{"start":{"line":1,"column":23},"end":{"line":1,"column":41}}},"fnMap":{},"branchMap":{},"s":{"0":1},"f":{},"b":{},"_coverageSchema":"332fd63041d2c1bcb487cc26dd0d5f7d97098a6c","hash":"10657a129b7cd2fc7140f3e781cf8606720e8b6e"}
,"/Users/andrew/Projects/Turing/front-end/mod2/projects/weatherly/src/index.js": {"path":"/Users/andrew/Projects/Turing/front-end/mod2/projects/weatherly/src/index.js","statementMap":{"0":{"start":{"line":1,"column":32},"end":{"line":1,"column":110}},"1":{"start":{"line":1,"column":124},"end":{"line":1,"column":140}},"2":{"start":{"line":1,"column":155},"end":{"line":1,"column":185}},"3":{"start":{"line":2,"column":16},"end":{"line":2,"column":36}},"4":{"start":{"line":2,"column":54},"end":{"line":2,"column":87}},"5":{"start":{"line":3,"column":11},"end":{"line":3,"column":45}},"6":{"start":{"line":3,"column":58},"end":{"line":3,"column":86}},"7":{"start":{"line":4,"column":0},"end":{"line":4,"column":26}},"8":{"start":{"line":5,"column":0},"end":{"line":5,"column":35}},"9":{"start":{"line":5,"column":73},"end":{"line":5,"column":127}},"10":{"start":{"line":7,"column":0},"end":{"line":7,"column":181}}},"fnMap":{"0":{"name":"_interopRequireDefault","decl":{"start":{"line":5,"column":44},"end":{"line":5,"column":66}},"loc":{"start":{"line":5,"column":72},"end":{"line":5,"column":128}},"line":5}},"branchMap":{"0":{"loc":{"start":{"line":5,"column":80},"end":{"line":5,"column":126}},"type":"cond-expr","locations":[{"start":{"line":5,"column":104},"end":{"line":5,"column":107}},{"start":{"line":5,"column":110},"end":{"line":5,"column":126}}],"line":5},"1":{"loc":{"start":{"line":5,"column":80},"end":{"line":5,"column":101}},"type":"binary-expr","locations":[{"start":{"line":5,"column":80},"end":{"line":5,"column":83}},{"start":{"line":5,"column":87},"end":{"line":5,"column":101}}],"line":5}},"s":{"0":0,"1":0,"2":0,"3":0,"4":0,"5":0,"6":0,"7":0,"8":0,"9":0,"10":0},"f":{"0":0},"b":{"0":[0,0],"1":[0,0]}}
,"/Users/andrew/Projects/Turing/front-end/mod2/projects/weatherly/src/setupTests.js": {"path":"/Users/andrew/Projects/Turing/front-end/mod2/projects/weatherly/src/setupTests.js","statementMap":{"0":{"start":{"line":4,"column":0},"end":{"line":7,"column":3}}},"fnMap":{},"branchMap":{},"s":{"0":8},"f":{},"b":{},"_coverageSchema":"332fd63041d2c1bcb487cc26dd0d5f7d97098a6c","hash":"a11f9d7840f4ac32b23c2b47450bb29deeb3ba7a"}
,"/Users/andrew/Projects/Turing/front-end/mod2/projects/weatherly/src/components/App/App.js": {"path":"/Users/andrew/Projects/Turing/front-end/mod2/projects/weatherly/src/components/App/App.js","statementMap":{"0":{"start":{"line":12,"column":4},"end":{"line":12,"column":12}},"1":{"start":{"line":13,"column":4},"end":{"line":28,"column":6}},"2":{"start":{"line":30,"column":4},"end":{"line":30,"column":57}},"3":{"start":{"line":34,"column":27},"end":{"line":34,"column":71}},"4":{"start":{"line":36,"column":4},"end":{"line":40,"column":5}},"5":{"start":{"line":37,"column":30},"end":{"line":37,"column":44}},"6":{"start":{"line":39,"column":6},"end":{"line":39,"column":39}},"7":{"start":{"line":44,"column":24},"end":{"line":44,"column":133}},"8":{"start":{"line":46,"column":4},"end":{"line":46,"column":68}},"9":{"start":{"line":48,"column":4},"end":{"line":76,"column":9}},"10":{"start":{"line":49,"column":24},"end":{"line":49,"column":39}},"11":{"start":{"line":51,"column":8},"end":{"line":57,"column":11}},"12":{"start":{"line":60,"column":8},"end":{"line":75,"column":11}},"13":{"start":{"line":80,"column":90},"end":{"line":80,"column":100}},"14":{"start":{"line":82,"column":4},"end":{"line":88,"column":5}},"15":{"start":{"line":83,"column":6},"end":{"line":87,"column":8}},"16":{"start":{"line":90,"column":4},"end":{"line":102,"column":6}}},"fnMap":{"0":{"name":"(anonymous_0)","decl":{"start":{"line":11,"column":2},"end":{"line":11,"column":3}},"loc":{"start":{"line":11,"column":16},"end":{"line":31,"column":3}},"line":11},"1":{"name":"(anonymous_1)","decl":{"start":{"line":33,"column":2},"end":{"line":33,"column":3}},"loc":{"start":{"line":33,"column":22},"end":{"line":41,"column":3}},"line":33},"2":{"name":"(anonymous_2)","decl":{"start":{"line":43,"column":2},"end":{"line":43,"column":3}},"loc":{"start":{"line":43,"column":30},"end":{"line":77,"column":3}},"line":43},"3":{"name":"(anonymous_3)","decl":{"start":{"line":49,"column":12},"end":{"line":49,"column":13}},"loc":{"start":{"line":49,"column":24},"end":{"line":49,"column":39}},"line":49},"4":{"name":"(anonymous_4)","decl":{"start":{"line":50,"column":12},"end":{"line":50,"column":13}},"loc":{"start":{"line":50,"column":24},"end":{"line":58,"column":7}},"line":50},"5":{"name":"(anonymous_5)","decl":{"start":{"line":59,"column":13},"end":{"line":59,"column":14}},"loc":{"start":{"line":59,"column":19},"end":{"line":76,"column":7}},"line":59},"6":{"name":"(anonymous_6)","decl":{"start":{"line":79,"column":2},"end":{"line":79,"column":3}},"loc":{"start":{"line":79,"column":11},"end":{"line":103,"column":3}},"line":79}},"branchMap":{"0":{"loc":{"start":{"line":36,"column":4},"end":{"line":40,"column":5}},"type":"if","locations":[{"start":{"line":36,"column":4},"end":{"line":40,"column":5}},{"start":{"line":36,"column":4},"end":{"line":40,"column":5}}],"line":36},"1":{"loc":{"start":{"line":82,"column":4},"end":{"line":88,"column":5}},"type":"if","locations":[{"start":{"line":82,"column":4},"end":{"line":88,"column":5}},{"start":{"line":82,"column":4},"end":{"line":88,"column":5}}],"line":82},"2":{"loc":{"start":{"line":82,"column":8},"end":{"line":82,"column":32}},"type":"binary-expr","locations":[{"start":{"line":82,"column":8},"end":{"line":82,"column":16}},{"start":{"line":82,"column":20},"end":{"line":82,"column":32}}],"line":82}},"s":{"0":12,"1":12,"2":12,"3":0,"4":0,"5":0,"6":0,"7":1,"8":1,"9":1,"10":1,"11":1,"12":0,"13":19,"14":19,"15":13,"16":6},"f":{"0":12,"1":0,"2":1,"3":1,"4":1,"5":0,"6":19},"b":{"0":[0,0],"1":[13,6],"2":[19,18]},"_coverageSchema":"332fd63041d2c1bcb487cc26dd0d5f7d97098a6c","hash":"78864fe761c92cf95cd2abc470373a246775d584"}
,"/Users/andrew/Projects/Turing/front-end/mod2/projects/weatherly/src/components/CurrentWeather/CurrentWeather.js": {"path":"/Users/andrew/Projects/Turing/front-end/mod2/projects/weatherly/src/components/CurrentWeather/CurrentWeather.js","statementMap":{"0":{"start":{"line":5,"column":23},"end":{"line":62,"column":1}},"1":{"start":{"line":6,"column":71},"end":{"line":6,"column":91}},"2":{"start":{"line":8,"column":2},"end":{"line":61,"column":4}},"3":{"start":{"line":64,"column":0},"end":{"line":73,"column":2}}},"fnMap":{"0":{"name":"(anonymous_0)","decl":{"start":{"line":5,"column":23},"end":{"line":5,"column":24}},"loc":{"start":{"line":5,"column":32},"end":{"line":62,"column":1}},"line":5}},"branchMap":{"0":{"loc":{"start":{"line":34,"column":8},"end":{"line":40,"column":12}},"type":"binary-expr","locations":[{"start":{"line":34,"column":8},"end":{"line":34,"column":12}},{"start":{"line":35,"column":8},"end":{"line":40,"column":12}}],"line":34},"1":{"loc":{"start":{"line":43,"column":8},"end":{"line":49,"column":12}},"type":"binary-expr","locations":[{"start":{"line":43,"column":8},"end":{"line":43,"column":11}},{"start":{"line":44,"column":8},"end":{"line":49,"column":12}}],"line":43},"2":{"loc":{"start":{"line":52,"column":8},"end":{"line":58,"column":12}},"type":"binary-expr","locations":[{"start":{"line":52,"column":8},"end":{"line":52,"column":19}},{"start":{"line":53,"column":8},"end":{"line":58,"column":12}}],"line":52}},"s":{"0":2,"1":3,"2":3,"3":2},"f":{"0":3},"b":{"0":[3,3],"1":[3,3],"2":[3,3]},"_coverageSchema":"332fd63041d2c1bcb487cc26dd0d5f7d97098a6c","hash":"8a4152abaed69a5e2efbfce128d8e8296ece436c"}
,"/Users/andrew/Projects/Turing/front-end/mod2/projects/weatherly/src/components/ForecastCard/ForecastCard.js": {"path":"/Users/andrew/Projects/Turing/front-end/mod2/projects/weatherly/src/components/ForecastCard/ForecastCard.js","statementMap":{"0":{"start":{"line":5,"column":21},"end":{"line":61,"column":1}},"1":{"start":{"line":6,"column":52},"end":{"line":6,"column":66}},"2":{"start":{"line":7,"column":17},"end":{"line":7,"column":31}},"3":{"start":{"line":9,"column":2},"end":{"line":13,"column":3}},"4":{"start":{"line":10,"column":4},"end":{"line":10,"column":21}},"5":{"start":{"line":11,"column":9},"end":{"line":13,"column":3}},"6":{"start":{"line":12,"column":4},"end":{"line":12,"column":16}},"7":{"start":{"line":15,"column":2},"end":{"line":60,"column":4}},"8":{"start":{"line":63,"column":0},"end":{"line":70,"column":2}}},"fnMap":{"0":{"name":"(anonymous_0)","decl":{"start":{"line":5,"column":21},"end":{"line":5,"column":22}},"loc":{"start":{"line":5,"column":30},"end":{"line":61,"column":1}},"line":5}},"branchMap":{"0":{"loc":{"start":{"line":9,"column":2},"end":{"line":13,"column":3}},"type":"if","locations":[{"start":{"line":9,"column":2},"end":{"line":13,"column":3}},{"start":{"line":9,"column":2},"end":{"line":13,"column":3}}],"line":9},"1":{"loc":{"start":{"line":11,"column":9},"end":{"line":13,"column":3}},"type":"if","locations":[{"start":{"line":11,"column":9},"end":{"line":13,"column":3}},{"start":{"line":11,"column":9},"end":{"line":13,"column":3}}],"line":11},"2":{"loc":{"start":{"line":21,"column":8},"end":{"line":31,"column":15}},"type":"cond-expr","locations":[{"start":{"line":22,"column":10},"end":{"line":25,"column":15}},{"start":{"line":26,"column":10},"end":{"line":31,"column":15}}],"line":21},"3":{"loc":{"start":{"line":33,"column":7},"end":{"line":33,"column":103}},"type":"binary-expr","locations":[{"start":{"line":33,"column":7},"end":{"line":33,"column":16}},{"start":{"line":33,"column":20},"end":{"line":33,"column":103}}],"line":33},"4":{"loc":{"start":{"line":35,"column":8},"end":{"line":41,"column":12}},"type":"binary-expr","locations":[{"start":{"line":35,"column":8},"end":{"line":35,"column":18}},{"start":{"line":36,"column":8},"end":{"line":41,"column":12}}],"line":35},"5":{"loc":{"start":{"line":44,"column":8},"end":{"line":50,"column":12}},"type":"binary-expr","locations":[{"start":{"line":44,"column":8},"end":{"line":44,"column":12}},{"start":{"line":45,"column":8},"end":{"line":50,"column":12}}],"line":44},"6":{"loc":{"start":{"line":52,"column":7},"end":{"line":58,"column":10}},"type":"binary-expr","locations":[{"start":{"line":52,"column":7},"end":{"line":52,"column":10}},{"start":{"line":53,"column":6},"end":{"line":58,"column":10}}],"line":52}},"s":{"0":4,"1":10,"2":10,"3":10,"4":0,"5":10,"6":1,"7":10,"8":4},"f":{"0":10},"b":{"0":[0,10],"1":[1,9],"2":[4,6],"3":[10,8],"4":[10,8],"5":[10,2],"6":[10,2]},"_coverageSchema":"332fd63041d2c1bcb487cc26dd0d5f7d97098a6c","hash":"caeca259286aa69b022f74a0aeb296b27b3e62e2"}
,"/Users/andrew/Projects/Turing/front-end/mod2/projects/weatherly/src/components/Search/Search.js": {"path":"/Users/andrew/Projects/Turing/front-end/mod2/projects/weatherly/src/components/Search/Search.js","statementMap":{"0":{"start":{"line":9,"column":4},"end":{"line":9,"column":12}},"1":{"start":{"line":10,"column":4},"end":{"line":13,"column":6}},"2":{"start":{"line":15,"column":4},"end":{"line":15,"column":45}},"3":{"start":{"line":16,"column":4},"end":{"line":16,"column":57}},"4":{"start":{"line":17,"column":4},"end":{"line":17,"column":51}},"5":{"start":{"line":18,"column":4},"end":{"line":18,"column":57}},"6":{"start":{"line":22,"column":28},"end":{"line":22,"column":40}},"7":{"start":{"line":24,"column":4},"end":{"line":26,"column":7}},"8":{"start":{"line":30,"column":25},"end":{"line":30,"column":35}},"9":{"start":{"line":31,"column":31},"end":{"line":31,"column":51}},"10":{"start":{"line":32,"column":17},"end":{"line":32,"column":38}},"11":{"start":{"line":33,"column":18},"end":{"line":33,"column":39}},"12":{"start":{"line":35,"column":4},"end":{"line":35,"column":27}},"13":{"start":{"line":36,"column":4},"end":{"line":36,"column":43}},"14":{"start":{"line":38,"column":4},"end":{"line":40,"column":7}},"15":{"start":{"line":42,"column":4},"end":{"line":42,"column":25}},"16":{"start":{"line":46,"column":26},"end":{"line":46,"column":36}},"17":{"start":{"line":47,"column":25},"end":{"line":47,"column":35}},"18":{"start":{"line":49,"column":4},"end":{"line":88,"column":6}},"19":{"start":{"line":59,"column":29},"end":{"line":59,"column":55}},"20":{"start":{"line":63,"column":31},"end":{"line":63,"column":54}},"21":{"start":{"line":72,"column":16},"end":{"line":74,"column":33}},"22":{"start":{"line":92,"column":0},"end":{"line":96,"column":2}}},"fnMap":{"0":{"name":"(anonymous_0)","decl":{"start":{"line":8,"column":2},"end":{"line":8,"column":3}},"loc":{"start":{"line":8,"column":16},"end":{"line":19,"column":3}},"line":8},"1":{"name":"(anonymous_1)","decl":{"start":{"line":21,"column":2},"end":{"line":21,"column":3}},"loc":{"start":{"line":21,"column":21},"end":{"line":27,"column":3}},"line":21},"2":{"name":"(anonymous_2)","decl":{"start":{"line":29,"column":2},"end":{"line":29,"column":3}},"loc":{"start":{"line":29,"column":24},"end":{"line":43,"column":3}},"line":29},"3":{"name":"(anonymous_3)","decl":{"start":{"line":45,"column":2},"end":{"line":45,"column":3}},"loc":{"start":{"line":45,"column":11},"end":{"line":89,"column":3}},"line":45},"4":{"name":"(anonymous_4)","decl":{"start":{"line":59,"column":20},"end":{"line":59,"column":21}},"loc":{"start":{"line":59,"column":29},"end":{"line":59,"column":55}},"line":59},"5":{"name":"(anonymous_5)","decl":{"start":{"line":63,"column":22},"end":{"line":63,"column":23}},"loc":{"start":{"line":63,"column":31},"end":{"line":63,"column":54}},"line":63},"6":{"name":"(anonymous_6)","decl":{"start":{"line":71,"column":25},"end":{"line":71,"column":26}},"loc":{"start":{"line":72,"column":16},"end":{"line":74,"column":33}},"line":72}},"branchMap":{"0":{"loc":{"start":{"line":61,"column":45},"end":{"line":61,"column":68}},"type":"cond-expr","locations":[{"start":{"line":61,"column":56},"end":{"line":61,"column":63}},{"start":{"line":61,"column":66},"end":{"line":61,"column":68}}],"line":61}},"s":{"0":12,"1":12,"2":12,"3":12,"4":12,"5":12,"6":3,"7":3,"8":2,"9":2,"10":2,"11":2,"12":2,"13":2,"14":2,"15":2,"16":20,"17":20,"18":20,"19":0,"20":0,"21":20000,"22":3},"f":{"0":12,"1":3,"2":2,"3":20,"4":0,"5":0,"6":20000},"b":{"0":[1,19]},"_coverageSchema":"332fd63041d2c1bcb487cc26dd0d5f7d97098a6c","hash":"6975decfbf9b70c030c540a4718ccb2df0d1ad16"}
,"/Users/andrew/Projects/Turing/front-end/mod2/projects/weatherly/src/components/SevenHour/SevenHour.js": {"path":"/Users/andrew/Projects/Turing/front-end/mod2/projects/weatherly/src/components/SevenHour/SevenHour.js","statementMap":{"0":{"start":{"line":5,"column":18},"end":{"line":27,"column":1}},"1":{"start":{"line":6,"column":29},"end":{"line":6,"column":34}},"2":{"start":{"line":8,"column":2},"end":{"line":26,"column":4}},"3":{"start":{"line":19,"column":12},"end":{"line":21,"column":31}},"4":{"start":{"line":29,"column":0},"end":{"line":31,"column":2}}},"fnMap":{"0":{"name":"(anonymous_0)","decl":{"start":{"line":5,"column":18},"end":{"line":5,"column":19}},"loc":{"start":{"line":5,"column":27},"end":{"line":27,"column":1}},"line":5},"1":{"name":"(anonymous_1)","decl":{"start":{"line":18,"column":29},"end":{"line":18,"column":30}},"loc":{"start":{"line":19,"column":12},"end":{"line":21,"column":31}},"line":19}},"branchMap":{},"s":{"0":2,"1":2,"2":2,"3":4,"4":2},"f":{"0":2,"1":4},"b":{},"_coverageSchema":"332fd63041d2c1bcb487cc26dd0d5f7d97098a6c","hash":"cb02f31eb9ce3b13e95a6940518b3a6a7fb1c826"}
,"/Users/andrew/Projects/Turing/front-end/mod2/projects/weatherly/src/components/TenDayForecast/TenDayForecast.js": {"path":"/Users/andrew/Projects/Turing/front-end/mod2/projects/weatherly/src/components/TenDayForecast/TenDayForecast.js","statementMap":{"0":{"start":{"line":6,"column":23},"end":{"line":28,"column":1}},"1":{"start":{"line":7,"column":29},"end":{"line":7,"column":34}},"2":{"start":{"line":9,"column":2},"end":{"line":27,"column":4}},"3":{"start":{"line":20,"column":12},"end":{"line":22,"column":36}},"4":{"start":{"line":30,"column":0},"end":{"line":32,"column":2}}},"fnMap":{"0":{"name":"(anonymous_0)","decl":{"start":{"line":6,"column":23},"end":{"line":6,"column":24}},"loc":{"start":{"line":6,"column":32},"end":{"line":28,"column":1}},"line":6},"1":{"name":"(anonymous_1)","decl":{"start":{"line":19,"column":29},"end":{"line":19,"column":30}},"loc":{"start":{"line":20,"column":12},"end":{"line":22,"column":36}},"line":20}},"branchMap":{},"s":{"0":2,"1":2,"2":2,"3":4,"4":2},"f":{"0":2,"1":4},"b":{},"_coverageSchema":"332fd63041d2c1bcb487cc26dd0d5f7d97098a6c","hash":"8e8fd5d8911353b30d83942dd7a6bedca602e959"}
,"/Users/andrew/Projects/Turing/front-end/mod2/projects/weatherly/src/components/Welcome/Welcome.js": {"path":"/Users/andrew/Projects/Turing/front-end/mod2/projects/weatherly/src/components/Welcome/Welcome.js","statementMap":{"0":{"start":{"line":8,"column":16},"end":{"line":46,"column":1}},"1":{"start":{"line":9,"column":52},"end":{"line":9,"column":57}},"2":{"start":{"line":11,"column":2},"end":{"line":45,"column":4}},"3":{"start":{"line":48,"column":0},"end":{"line":52,"column":2}}},"fnMap":{"0":{"name":"(anonymous_0)","decl":{"start":{"line":8,"column":16},"end":{"line":8,"column":17}},"loc":{"start":{"line":8,"column":27},"end":{"line":46,"column":1}},"line":8}},"branchMap":{"0":{"loc":{"start":{"line":17,"column":8},"end":{"line":31,"column":20}},"type":"binary-expr","locations":[{"start":{"line":17,"column":8},"end":{"line":17,"column":20}},{"start":{"line":17,"column":24},"end":{"line":17,"column":33}},{"start":{"line":18,"column":10},"end":{"line":31,"column":20}}],"line":17},"1":{"loc":{"start":{"line":34,"column":8},"end":{"line":42,"column":18}},"type":"binary-expr","locations":[{"start":{"line":34,"column":8},"end":{"line":34,"column":16}},{"start":{"line":35,"column":8},"end":{"line":42,"column":18}}],"line":34}},"s":{"0":2,"1":5,"2":5,"3":2},"f":{"0":5},"b":{"0":[5,5,3],"1":[5,2]},"_coverageSchema":"332fd63041d2c1bcb487cc26dd0d5f7d97098a6c","hash":"17001704435e8975f7289558ee9fb88c38a3fd93"}
,"/Users/andrew/Projects/Turing/front-end/mod2/projects/weatherly/src/data-helpers/cities.js": {"path":"/Users/andrew/Projects/Turing/front-end/mod2/projects/weatherly/src/data-helpers/cities.js","statementMap":{"0":{"start":{"line":1,"column":22},"end":{"line":1002,"column":1}}},"fnMap":{},"branchMap":{},"s":{"0":3},"f":{},"b":{},"_coverageSchema":"332fd63041d2c1bcb487cc26dd0d5f7d97098a6c","hash":"76478c191523f880cbce77926fc4d46010063fe8"}
,"/Users/andrew/Projects/Turing/front-end/mod2/projects/weatherly/src/data-helpers/data-helpers.js": {"path":"/Users/andrew/Projects/Turing/front-end/mod2/projects/weatherly/src/data-helpers/data-helpers.js","statementMap":{"0":{"start":{"line":1,"column":32},"end":{"line":15,"column":1}},"1":{"start":{"line":2,"column":19},"end":{"line":12,"column":3}},"2":{"start":{"line":14,"column":2},"end":{"line":14,"column":18}},"3":{"start":{"line":18,"column":29},"end":{"line":30,"column":1}},"4":{"start":{"line":19,"column":33},"end":{"line":19,"column":80}},"5":{"start":{"line":21,"column":2},"end":{"line":29,"column":5}},"6":{"start":{"line":22,"column":4},"end":{"line":28,"column":6}},"7":{"start":{"line":32,"column":30},"end":{"line":43,"column":1}},"8":{"start":{"line":33,"column":34},"end":{"line":33,"column":73}},"9":{"start":{"line":35,"column":2},"end":{"line":42,"column":5}},"10":{"start":{"line":36,"column":4},"end":{"line":41,"column":6}}},"fnMap":{"0":{"name":"(anonymous_0)","decl":{"start":{"line":1,"column":32},"end":{"line":1,"column":33}},"loc":{"start":{"line":1,"column":48},"end":{"line":15,"column":1}},"line":1},"1":{"name":"(anonymous_1)","decl":{"start":{"line":18,"column":29},"end":{"line":18,"column":30}},"loc":{"start":{"line":18,"column":46},"end":{"line":30,"column":1}},"line":18},"2":{"name":"(anonymous_2)","decl":{"start":{"line":21,"column":35},"end":{"line":21,"column":36}},"loc":{"start":{"line":21,"column":44},"end":{"line":29,"column":3}},"line":21},"3":{"name":"(anonymous_3)","decl":{"start":{"line":32,"column":30},"end":{"line":32,"column":31}},"loc":{"start":{"line":32,"column":47},"end":{"line":43,"column":1}},"line":32},"4":{"name":"(anonymous_4)","decl":{"start":{"line":35,"column":36},"end":{"line":35,"column":37}},"loc":{"start":{"line":35,"column":44},"end":{"line":42,"column":3}},"line":35}},"branchMap":{},"s":{"0":2,"1":2,"2":2,"3":2,"4":2,"5":2,"6":20,"7":2,"8":2,"9":2,"10":14},"f":{"0":2,"1":2,"2":20,"3":2,"4":14},"b":{},"_coverageSchema":"332fd63041d2c1bcb487cc26dd0d5f7d97098a6c","hash":"e21393516ef2b463f3cda706b6abf40e1f091ef5"}
,"/Users/andrew/Projects/Turing/front-end/mod2/projects/weatherly/src/mock-data/mock-data.js": {"path":"/Users/andrew/Projects/Turing/front-end/mod2/projects/weatherly/src/mock-data/mock-data.js","statementMap":{"0":{"start":{"line":1,"column":24},"end":{"line":2864,"column":1}}},"fnMap":{},"branchMap":{},"s":{"0":1},"f":{},"b":{},"_coverageSchema":"332fd63041d2c1bcb487cc26dd0d5f7d97098a6c","hash":"8bb5d44f805c76bc4109cc0d39f23351bdc0eff1"}
}
