TN:
SF:/Users/andrew/Projects/Turing/front-end/mod2/projects/weatherly/src/API_KEY.js
FNF:0
FNH:0
DA:1,1
LF:1
LH:1
BRF:0
BRH:0
end_of_record
TN:
SF:/Users/andrew/Projects/Turing/front-end/mod2/projects/weatherly/src/index.js
FN:5,_interopRequireDefault
FNF:1
FNH:0
FNDA:0,_interopRequireDefault
DA:1,0
DA:2,0
DA:3,0
DA:4,0
DA:5,0
DA:7,0
LF:6
LH:0
BRDA:5,0,0,0
BRDA:5,0,1,0
BRDA:5,1,0,0
BRDA:5,1,1,0
BRF:4
BRH:0
end_of_record
TN:
SF:/Users/andrew/Projects/Turing/front-end/mod2/projects/weatherly/src/setupTests.js
FNF:0
FNH:0
DA:4,8
LF:1
LH:1
BRF:0
BRH:0
end_of_record
TN:
SF:/Users/andrew/Projects/Turing/front-end/mod2/projects/weatherly/src/components/App/App.js
FN:11,(anonymous_0)
FN:33,(anonymous_1)
FN:43,(anonymous_2)
FN:49,(anonymous_3)
FN:50,(anonymous_4)
FN:59,(anonymous_5)
FN:79,(anonymous_6)
FNF:7
FNH:5
FNDA:12,(anonymous_0)
FNDA:0,(anonymous_1)
FNDA:1,(anonymous_2)
FNDA:1,(anonymous_3)
FNDA:1,(anonymous_4)
FNDA:0,(anonymous_5)
FNDA:19,(anonymous_6)
DA:12,12
DA:13,12
DA:30,12
DA:34,0
DA:36,0
DA:37,0
DA:39,0
DA:44,1
DA:46,1
DA:48,1
DA:49,1
DA:51,1
DA:60,0
DA:80,19
DA:82,19
DA:83,13
DA:90,6
LF:17
LH:12
BRDA:36,0,0,0
BRDA:36,0,1,0
BRDA:82,1,0,13
BRDA:82,1,1,6
BRDA:82,2,0,19
BRDA:82,2,1,18
BRF:6
BRH:4
end_of_record
TN:
SF:/Users/andrew/Projects/Turing/front-end/mod2/projects/weatherly/src/components/CurrentWeather/CurrentWeather.js
FN:5,(anonymous_0)
FNF:1
FNH:1
FNDA:3,(anonymous_0)
DA:5,2
DA:6,3
DA:8,3
DA:64,2
LF:4
LH:4
BRDA:34,0,0,3
BRDA:34,0,1,3
BRDA:43,1,0,3
BRDA:43,1,1,3
BRDA:52,2,0,3
BRDA:52,2,1,3
BRF:6
BRH:6
end_of_record
TN:
SF:/Users/andrew/Projects/Turing/front-end/mod2/projects/weatherly/src/components/ForecastCard/ForecastCard.js
FN:5,(anonymous_0)
FNF:1
FNH:1
FNDA:10,(anonymous_0)
DA:5,4
DA:6,10
DA:7,10
DA:9,10
DA:10,0
DA:11,10
DA:12,1
DA:15,10
DA:63,4
LF:9
LH:8
BRDA:9,0,0,0
BRDA:9,0,1,10
BRDA:11,1,0,1
BRDA:11,1,1,9
BRDA:21,2,0,4
BRDA:21,2,1,6
BRDA:33,3,0,10
BRDA:33,3,1,8
BRDA:35,4,0,10
BRDA:35,4,1,8
BRDA:44,5,0,10
BRDA:44,5,1,2
BRDA:52,6,0,10
BRDA:52,6,1,2
BRF:14
BRH:13
end_of_record
TN:
SF:/Users/andrew/Projects/Turing/front-end/mod2/projects/weatherly/src/components/Search/Search.js
FN:8,(anonymous_0)
FN:21,(anonymous_1)
FN:29,(anonymous_2)
FN:45,(anonymous_3)
FN:59,(anonymous_4)
FN:63,(anonymous_5)
FN:71,(anonymous_6)
FNF:7
FNH:5
FNDA:12,(anonymous_0)
FNDA:3,(anonymous_1)
FNDA:2,(anonymous_2)
FNDA:20,(anonymous_3)
FNDA:0,(anonymous_4)
FNDA:0,(anonymous_5)
FNDA:20000,(anonymous_6)
DA:9,12
DA:10,12
DA:15,12
DA:16,12
DA:17,12
DA:18,12
DA:22,3
DA:24,3
DA:30,2
DA:31,2
DA:32,2
DA:33,2
DA:35,2
DA:36,2
DA:38,2
DA:42,2
DA:46,20
DA:47,20
DA:49,20
DA:59,0
DA:63,0
DA:72,20000
DA:92,3
LF:23
LH:21
BRDA:61,0,0,1
BRDA:61,0,1,19
BRF:2
BRH:2
end_of_record
TN:
SF:/Users/andrew/Projects/Turing/front-end/mod2/projects/weatherly/src/components/SevenHour/SevenHour.js
FN:5,(anonymous_0)
FN:18,(anonymous_1)
FNF:2
FNH:2
FNDA:2,(anonymous_0)
FNDA:4,(anonymous_1)
DA:5,2
DA:6,2
DA:8,2
DA:19,4
DA:29,2
LF:5
LH:5
BRF:0
BRH:0
end_of_record
TN:
SF:/Users/andrew/Projects/Turing/front-end/mod2/projects/weatherly/src/components/TenDayForecast/TenDayForecast.js
FN:6,(anonymous_0)
FN:19,(anonymous_1)
FNF:2
FNH:2
FNDA:2,(anonymous_0)
FNDA:4,(anonymous_1)
DA:6,2
DA:7,2
DA:9,2
DA:20,4
DA:30,2
LF:5
LH:5
BRF:0
BRH:0
end_of_record
TN:
SF:/Users/andrew/Projects/Turing/front-end/mod2/projects/weatherly/src/components/Welcome/Welcome.js
FN:8,(anonymous_0)
FNF:1
FNH:1
FNDA:5,(anonymous_0)
DA:8,2
DA:9,5
DA:11,5
DA:48,2
LF:4
LH:4
BRDA:17,0,0,5
BRDA:17,0,1,5
BRDA:17,0,2,3
BRDA:34,1,0,5
BRDA:34,1,1,2
BRF:5
BRH:5
end_of_record
TN:
SF:/Users/andrew/Projects/Turing/front-end/mod2/projects/weatherly/src/data-helpers/cities.js
FNF:0
FNH:0
DA:1,3
LF:1
LH:1
BRF:0
BRH:0
end_of_record
TN:
SF:/Users/andrew/Projects/Turing/front-end/mod2/projects/weatherly/src/data-helpers/data-helpers.js
FN:1,(anonymous_0)
FN:18,(anonymous_1)
FN:21,(anonymous_2)
FN:32,(anonymous_3)
FN:35,(anonymous_4)
FNF:5
FNH:5
FNDA:2,(anonymous_0)
FNDA:2,(anonymous_1)
FNDA:20,(anonymous_2)
FNDA:2,(anonymous_3)
FNDA:14,(anonymous_4)
DA:1,2
DA:2,2
DA:14,2
DA:18,2
DA:19,2
DA:21,2
DA:22,20
DA:32,2
DA:33,2
DA:35,2
DA:36,14
LF:11
LH:11
BRF:0
BRH:0
end_of_record
TN:
SF:/Users/andrew/Projects/Turing/front-end/mod2/projects/weatherly/src/mock-data/mock-data.js
FNF:0
FNH:0
DA:1,1
LF:1
LH:1
BRF:0
BRH:0
end_of_record
